1591529096531|DCVM Cyclic Barrier up and running!
1591529121841|DCVM Cyclic Barrier accepts: jvm1 localhost 60352
1591529121844|DCVM Cyclic Barrier has received 1 out of 3 expected.
1591529160803|DCVM Cyclic Barrier accepts: jvm2 localhost 60354
1591529160805|DCVM Cyclic Barrier has received 2 out of 3 expected.
1591529168652|All connected!
1591529168654|DCVM Cyclic Barrier accepts: jvm3 localhost 60356
1591529168660|DCVM Cyclic Barrier has received 3 out of 3 expected.
1591529168660|DCVM Cyclic Barrier releases 3 sites.
1591529168680|DCVM Cyclic Barrier accepts: jvm1 localhost 60352
1591529168697|DCVM Cyclic Barrier has received 1 out of 3 expected.
1591529168774|DCVM Cyclic Barrier accepts: jvm2 localhost 60354
1591529168776|DCVM Cyclic Barrier has received 2 out of 3 expected.
1591529168782|DCVM Cyclic Barrier accepts: jvm3 localhost 60356
1591529168787|DCVM Cyclic Barrier has received 3 out of 3 expected.
1591529168787|DCVM Cyclic Barrier releases 3 sites.
1591529172830|DCVM Cyclic Barrier accepts: jvm1 localhost 60352
1591529172832|DCVM Cyclic Barrier has received 1 out of 3 expected.
1591529173323|DCVM Cyclic Barrier accepts: jvm2 localhost 60354
1591529173325|DCVM Cyclic Barrier has received 2 out of 3 expected.
1591529173357|DCVM Cyclic Barrier accepts: jvm3 localhost 60356
1591529173359|DCVM Cyclic Barrier has received 3 out of 3 expected.
1591529173359|DCVM Cyclic Barrier releases 3 sites.
1591529173360|DCVM Cyclic Barrier accepts: jvm1 localhost 60352
1591529173361|DCVM Cyclic Barrier has received 1 out of 3 expected.
1591529173364|DCVM Cyclic Barrier accepts: jvm3 localhost 60356
1591529173364|DCVM Cyclic Barrier accepts: jvm2 localhost 60354
1591529173365|DCVM Cyclic Barrier has received 2 out of 3 expected.
1591529173366|DCVM Cyclic Barrier has received 3 out of 3 expected.
1591529173366|DCVM Cyclic Barrier releases 3 sites.
1591529173732|DCVM Cyclic Barrier accepts: jvm1 localhost 60352
1591529173733|DCVM Cyclic Barrier has received 1 out of 3 expected.
1591529173998|DCVM Cyclic Barrier accepts: jvm2 localhost 60354
1591529174000|DCVM Cyclic Barrier has received 2 out of 3 expected.
1591529174125|DCVM Cyclic Barrier accepts: jvm3 localhost 60356
1591529174126|DCVM Cyclic Barrier has received 3 out of 3 expected.
1591529174126|DCVM Cyclic Barrier releases 3 sites.
1591529189132|DCVM Cyclic Barrier accepts: jvm2 localhost 60354
1591529189135|DCVM Cyclic Barrier has received 1 out of 3 expected.
1591529189151|DCVM Cyclic Barrier accepts: jvm1 localhost 60352
1591529189152|DCVM Cyclic Barrier has received 2 out of 3 expected.
1591529189191|DCVM Cyclic Barrier accepts: jvm3 localhost 60356
1591529189193|DCVM Cyclic Barrier has received 3 out of 3 expected.
1591529189193|DCVM Cyclic Barrier releases 3 sites.
1591529189308|DCVM Cyclic Barrier accepts: jvm1 localhost 60352
1591529189310|DCVM Cyclic Barrier has received 1 out of 3 expected.
1591529189317|DCVM Cyclic Barrier accepts: jvm2 localhost 60354
1591529189318|DCVM Cyclic Barrier has received 2 out of 3 expected.
1591529189344|DCVM Cyclic Barrier accepts: jvm3 localhost 60356
1591529189345|DCVM Cyclic Barrier has received 3 out of 3 expected.
1591529189345|DCVM Cyclic Barrier releases 3 sites.
1591529189595|DCVM Cyclic Barrier accepts: jvm3 localhost 60356
1591529189596|DCVM Cyclic Barrier has received 1 out of 3 expected.
1591529189641|DCVM Cyclic Barrier accepts: jvm1 localhost 60352
1591529189642|DCVM Cyclic Barrier has received 2 out of 3 expected.
1591529189661|DCVM Cyclic Barrier accepts: jvm2 localhost 60354
1591529189665|DCVM Cyclic Barrier has received 3 out of 3 expected.
1591529189665|DCVM Cyclic Barrier releases 3 sites.
1591529189675|DCVMCyclicBarrier.run() finished.
1591529189701|DCVMCyclicBarrier.run() finished.
1591529189703|DCVM Cyclic Barrier shuts down!
