1591529082678|Registry up and running!
1591529170119|GlobalRegistry processing put fr.sorbonne_u.components.reflection.interfaces.ReflectionI-44ea2c4b-191a-4ae5-aa26-978068523a58 rmi=localhost
1591529170227|GlobalRegistry processing put managementBIPURI1 rmi=localhost
1591529170263|GlobalRegistry processing put interfaces.PublicationCI-9ccec9fc-097e-4641-8010-74fe1939db4f rmi=localhost
1591529170332|GlobalRegistry processing put brokerC_IP_URI1 rmi=localhost
1591529170621|GlobalRegistry processing put fr.sorbonne_u.components.reflection.interfaces.ReflectionI-d2ff9fa3-4b7b-404c-b96d-0849f1b42726 rmi=localhost
1591529170624|All connected!
1591529170632|GlobalRegistry processing put fr.sorbonne_u.components.reflection.interfaces.ReflectionI-dec3d71c-1a2f-4ec4-bdee-dee62d25da93 rmi=localhost
1591529170718|GlobalRegistry processing put managementBIPURI3 rmi=localhost
1591529170776|GlobalRegistry processing put managementBIPURI2 rmi=localhost
1591529170805|GlobalRegistry processing put interfaces.PublicationCI-fb750e27-3e0d-4993-b893-01d2cf83852a rmi=localhost
1591529170861|GlobalRegistry processing put interfaces.PublicationCI-16617ec3-6fa4-4f44-9d9f-b6487c30cdd1 rmi=localhost
1591529170871|GlobalRegistry processing put brokerC_IP_URI3 rmi=localhost
1591529170912|GlobalRegistry processing put brokerC_IP_URI2 rmi=localhost
1591529172075|GlobalRegistry processing put fr.sorbonne_u.components.reflection.interfaces.ReflectionI-e0c6ebbc-85e7-4520-8819-5071b83b3c75 rmi=localhost
1591529172207|GlobalRegistry processing put interfaces.ManagementCI-48154938-8517-4dc4-87c2-d61613d00d97 rmi=localhost
1591529172267|GlobalRegistry processing put interfaces.ReceptionCI-c6d0faa2-a957-4f7f-ae1f-b115f84e6740 rmi=localhost
1591529172327|GlobalRegistry processing put fr.sorbonne_u.components.reflection.interfaces.ReflectionI-46bca8d1-201e-42d9-b854-8b462960b828 rmi=localhost
1591529172339|GlobalRegistry processing put fr.sorbonne_u.components.reflection.interfaces.ReflectionI-565c51cc-5ef5-44a2-821b-2dbe10ca0b16 rmi=localhost
1591529172437|GlobalRegistry processing put fr.sorbonne_u.components.reflection.interfaces.ReflectionI-b84f922f-f8d9-48d6-bcfc-1512caa4d6dc rmi=localhost
1591529172472|GlobalRegistry processing put interfaces.ManagementCI-18d21477-a6c1-41aa-b029-c56cbecd8dfc rmi=localhost
1591529172490|GlobalRegistry processing put interfaces.ManagementCI-2febf0eb-205b-477e-81db-f05d59e3b455 rmi=localhost
1591529172501|GlobalRegistry processing put interfaces.ManagementCI-72059a37-b604-4160-b5a5-ac95384e271d rmi=localhost
1591529172535|GlobalRegistry processing put interfaces.PublicationCI-efcd3545-366b-4abd-9cce-600c0c038786 rmi=localhost
1591529172599|GlobalRegistry processing put interfaces.PublicationCI-bf52a2cd-0053-415d-a989-95cac48a06f2 rmi=localhost
1591529172607|GlobalRegistry processing put interfaces.PublicationCI-7bd63ad0-886d-4b50-b1ae-5495eb1ef90b rmi=localhost
1591529172699|GlobalRegistry processing put fr.sorbonne_u.components.reflection.interfaces.ReflectionI-211b3b52-e869-44d2-9b72-454f40c3b8a3 rmi=localhost
1591529172787|GlobalRegistry processing put fr.sorbonne_u.components.reflection.interfaces.ReflectionI-596f0f56-c2a4-4081-8ba6-ffda99d369b9 rmi=localhost
1591529172806|GlobalRegistry processing put jvm1-dcc rmi=localhost
1591529172827|GlobalRegistry processing put fr.sorbonne_u.components.reflection.interfaces.ReflectionI-3ce44aa9-ca48-42aa-9bfe-186ccfec857b rmi=localhost
1591529172864|GlobalRegistry processing put interfaces.ManagementCI-f998385d-1912-461a-a5be-86948507eccf rmi=localhost
1591529172897|GlobalRegistry processing put interfaces.ManagementCI-5fa75088-6b31-4d1d-960f-a147768f37e2 rmi=localhost
1591529172988|GlobalRegistry processing put interfaces.ReceptionCI-bad43a7b-5cfa-41d7-8a28-14f140125598 rmi=localhost
1591529173010|GlobalRegistry processing put interfaces.ReceptionCI-94a45d5a-77df-48a4-9484-ad4c143be8b4 rmi=localhost
1591529173175|GlobalRegistry processing put fr.sorbonne_u.components.reflection.interfaces.ReflectionI-a9284dae-f212-44ba-86bf-aaa4cfd590ce rmi=localhost
1591529173231|GlobalRegistry processing put fr.sorbonne_u.components.reflection.interfaces.ReflectionI-ac04b238-989f-46df-a631-0c8ca52b64aa rmi=localhost
1591529173319|GlobalRegistry processing put jvm2-dcc rmi=localhost
1591529173355|GlobalRegistry processing put jvm3-dcc rmi=localhost
1591529173494|GlobalRegistry processing put versionMultiJvm.broker_repartition.interfaces.DistributionCI-3de2387f-bca4-4df5-999b-21489874e581 rmi=localhost
1591529173543|GlobalRegistry processing put versionMultiJvm.broker_repartition.interfaces.DistributionCI-8e4803d2-8d6e-4f19-9ea7-22ffcce344d6 rmi=localhost
1591529173548|GlobalRegistry processing lookup brokerC_IP_URI2
1591529173561|GlobalRegistry processing put versionMultiJvm.broker_repartition.interfaces.DistributionCI-a72647f7-308a-45a2-ab0c-40f73b21a86e rmi=localhost
1591529173600|GlobalRegistry processing put versionMultiJvm.broker_repartition.interfaces.DistributionCI-0a18ada2-e434-4a5f-8b42-6b58cae11264 rmi=localhost
1591529173620|GlobalRegistry processing lookup brokerC_IP_URI1
1591529173653|GlobalRegistry processing lookup brokerC_IP_URI1
1591529173917|GlobalRegistry processing put versionMultiJvm.broker_repartition.interfaces.DistributionCI-eb6fa8c6-a0c7-458c-80f6-2f6f2241c943 rmi=localhost
1591529173965|GlobalRegistry processing put versionMultiJvm.broker_repartition.interfaces.DistributionCI-3c3cc36d-1fb5-45fc-82b9-d28008e04969 rmi=localhost
1591529173975|GlobalRegistry processing lookup brokerC_IP_URI2
1591529174437|GlobalRegistry processing put interfaces.ReceptionCI-2a222992-1ec7-4b04-ab12-5691520aad0c rmi=localhost
1591529174462|GlobalRegistry processing put interfaces.ReceptionCI-0116be93-8a94-481d-bcd7-2e4cb0292dce rmi=localhost
1591529174536|GlobalRegistry processing put interfaces.ReceptionCI-7f73ab81-151d-4c99-8438-96136ce77ff3 rmi=localhost
1591529189239|GlobalRegistry processing remove fr.sorbonne_u.components.reflection.interfaces.ReflectionI-dec3d71c-1a2f-4ec4-bdee-dee62d25da93
1591529189239|GlobalRegistry processing remove fr.sorbonne_u.components.reflection.interfaces.ReflectionI-211b3b52-e869-44d2-9b72-454f40c3b8a3
1591529189245|GlobalRegistry processing remove fr.sorbonne_u.components.reflection.interfaces.ReflectionI-596f0f56-c2a4-4081-8ba6-ffda99d369b9
1591529189249|GlobalRegistry processing remove fr.sorbonne_u.components.reflection.interfaces.ReflectionI-a9284dae-f212-44ba-86bf-aaa4cfd590ce
1591529189251|GlobalRegistry processing remove fr.sorbonne_u.components.reflection.interfaces.ReflectionI-46bca8d1-201e-42d9-b854-8b462960b828
1591529189252|GlobalRegistry processing remove fr.sorbonne_u.components.reflection.interfaces.ReflectionI-e0c6ebbc-85e7-4520-8819-5071b83b3c75
1591529189261|GlobalRegistry processing remove fr.sorbonne_u.components.reflection.interfaces.ReflectionI-d2ff9fa3-4b7b-404c-b96d-0849f1b42726
1591529189268|GlobalRegistry processing remove fr.sorbonne_u.components.reflection.interfaces.ReflectionI-565c51cc-5ef5-44a2-821b-2dbe10ca0b16
1591529189299|GlobalRegistry processing remove fr.sorbonne_u.components.reflection.interfaces.ReflectionI-ac04b238-989f-46df-a631-0c8ca52b64aa
1591529189301|GlobalRegistry processing remove fr.sorbonne_u.components.reflection.interfaces.ReflectionI-b84f922f-f8d9-48d6-bcfc-1512caa4d6dc
1591529189303|GlobalRegistry processing remove fr.sorbonne_u.components.reflection.interfaces.ReflectionI-44ea2c4b-191a-4ae5-aa26-978068523a58
1591529189315|GlobalRegistry processing remove fr.sorbonne_u.components.reflection.interfaces.ReflectionI-3ce44aa9-ca48-42aa-9bfe-186ccfec857b
1591529189349|GlobalRegistry processing remove managementBIPURI3
1591529189354|GlobalRegistry processing remove interfaces.PublicationCI-fb750e27-3e0d-4993-b893-01d2cf83852a
1591529189360|GlobalRegistry processing remove versionMultiJvm.broker_repartition.interfaces.DistributionCI-0a18ada2-e434-4a5f-8b42-6b58cae11264
1591529189361|GlobalRegistry processing remove jvm1-dcc
1591529189362|GlobalRegistry processing remove jvm2-dcc
1591529189374|GlobalRegistry processing remove managementBIPURI2
1591529189407|GlobalRegistry processing remove interfaces.ManagementCI-48154938-8517-4dc4-87c2-d61613d00d97
1591529189415|GlobalRegistry processing remove interfaces.ReceptionCI-c6d0faa2-a957-4f7f-ae1f-b115f84e6740
1591529189417|GlobalRegistry processing remove interfaces.PublicationCI-16617ec3-6fa4-4f44-9d9f-b6487c30cdd1
1591529189420|GlobalRegistry processing remove versionMultiJvm.broker_repartition.interfaces.DistributionCI-a72647f7-308a-45a2-ab0c-40f73b21a86e
1591529189428|GlobalRegistry processing remove interfaces.ManagementCI-18d21477-a6c1-41aa-b029-c56cbecd8dfc
1591529189455|GlobalRegistry processing remove versionMultiJvm.broker_repartition.interfaces.DistributionCI-3c3cc36d-1fb5-45fc-82b9-d28008e04969
1591529189458|GlobalRegistry processing remove brokerC_IP_URI3
1591529189461|GlobalRegistry processing remove interfaces.ReceptionCI-0116be93-8a94-481d-bcd7-2e4cb0292dce
1591529189471|GlobalRegistry processing remove versionMultiJvm.broker_repartition.interfaces.DistributionCI-eb6fa8c6-a0c7-458c-80f6-2f6f2241c943
1591529189471|GlobalRegistry processing remove interfaces.ManagementCI-f998385d-1912-461a-a5be-86948507eccf
1591529189481|GlobalRegistry processing remove brokerC_IP_URI2
1591529189487|GlobalRegistry processing remove interfaces.ReceptionCI-7f73ab81-151d-4c99-8438-96136ce77ff3
1591529189489|GlobalRegistry processing remove interfaces.ReceptionCI-bad43a7b-5cfa-41d7-8a28-14f140125598
1591529189508|GlobalRegistry processing remove interfaces.ManagementCI-72059a37-b604-4160-b5a5-ac95384e271d
1591529189520|GlobalRegistry processing remove interfaces.PublicationCI-efcd3545-366b-4abd-9cce-600c0c038786
1591529189529|GlobalRegistry processing remove managementBIPURI1
1591529189532|GlobalRegistry processing remove interfaces.PublicationCI-9ccec9fc-097e-4641-8010-74fe1939db4f
1591529189539|GlobalRegistry processing remove versionMultiJvm.broker_repartition.interfaces.DistributionCI-3de2387f-bca4-4df5-999b-21489874e581
1591529189579|GlobalRegistry processing remove interfaces.ManagementCI-2febf0eb-205b-477e-81db-f05d59e3b455
1591529189583|GlobalRegistry processing remove interfaces.PublicationCI-7bd63ad0-886d-4b50-b1ae-5495eb1ef90b
1591529189586|GlobalRegistry processing remove versionMultiJvm.broker_repartition.interfaces.DistributionCI-8e4803d2-8d6e-4f19-9ea7-22ffcce344d6
1591529189590|GlobalRegistry processing remove jvm3-dcc
1591529189603|GlobalRegistry processing remove interfaces.PublicationCI-bf52a2cd-0053-415d-a989-95cac48a06f2
1591529189607|GlobalRegistry processing remove interfaces.ManagementCI-5fa75088-6b31-4d1d-960f-a147768f37e2
1591529189615|GlobalRegistry processing remove interfaces.ReceptionCI-94a45d5a-77df-48a4-9484-ad4c143be8b4
1591529189628|GlobalRegistry processing remove brokerC_IP_URI1
1591529189638|GlobalRegistry processing remove interfaces.ReceptionCI-2a222992-1ec7-4b04-ab12-5691520aad0c
1591529189673|GlobalRegistry processing shutdown
1591529189693|GlobalRegistry processing shutdown
1591529189705|Global registry shuts down!
