1590073064540|Registry up and running!
1590073107857|GlobalRegistry processing put fr.sorbonne_u.components.reflection.interfaces.ReflectionI-2e9cc27e-e169-4fdf-a49a-628d7796e7e9 rmi=localhost
1590073107937|GlobalRegistry processing put MANAGER_INBOUND_PORT_URI rmi=localhost
1590073107988|GlobalRegistry processing put versionMultiJvm.multiJVMStatique.interfaces.DistributionCI-0f89ea3b-81b6-49a5-8073-c407cef24c51 rmi=localhost
1590073108001|GlobalRegistry processing put versionMultiJvm.multiJVMStatique.interfaces.DistributionCI-aa498695-52ef-4a1f-9145-5aa10badffec rmi=localhost
1590073108385|GlobalRegistry processing put fr.sorbonne_u.components.reflection.interfaces.ReflectionI-6fb94ad5-2673-4ecc-a3aa-784a89d35e39 rmi=localhost
1590073108403|All connected!
1590073108408|GlobalRegistry processing put fr.sorbonne_u.components.reflection.interfaces.ReflectionI-800cc105-5e93-42eb-b848-c46b0fbfdc07 rmi=localhost
1590073108492|GlobalRegistry processing put managementBIPURI2 rmi=localhost
1590073108534|GlobalRegistry processing put managementBIPURI1 rmi=localhost
1590073108584|GlobalRegistry processing put interfaces.PublicationCI-9d6e1332-62f7-48cf-b331-e7cb42aa8070 rmi=localhost
1590073108635|GlobalRegistry processing put interfaces.PublicationCI-6442885c-a482-4b2f-b90e-9b63123ccd86 rmi=localhost
1590073108674|GlobalRegistry processing put versionMultiJvm.multiJVMStatique.interfaces.DistributionCI-37c041f8-0688-45fc-ad05-d223eb1c6176 rmi=localhost
1590073108716|GlobalRegistry processing put versionMultiJvm.multiJVMStatique.interfaces.DistributionCI-970d2bb6-90db-4ff5-a549-1e1bc03c0bd3 rmi=localhost
1590073108811|GlobalRegistry processing put brokerC_IP_URI2 rmi=localhost
1590073108813|GlobalRegistry processing put brokerC_IP_URI1 rmi=localhost
1590073109313|GlobalRegistry processing put fr.sorbonne_u.components.reflection.interfaces.ReflectionI-0b42845e-51a5-48da-b3d1-ff10a7005d01 rmi=localhost
1590073109487|GlobalRegistry processing put jvm1-dcc rmi=localhost
1590073109865|GlobalRegistry processing put fr.sorbonne_u.components.reflection.interfaces.ReflectionI-c0d99df1-b9a3-48cc-b91b-5c32ff082f9b rmi=localhost
1590073110027|GlobalRegistry processing put interfaces.ManagementCI-7e71f075-d87f-4c80-b3aa-2a869cb7d7ee rmi=localhost
1590073110187|GlobalRegistry processing put interfaces.PublicationCI-981b5da9-36ac-41ce-9f74-88d5b50fedcc rmi=localhost
1590073110324|GlobalRegistry processing put fr.sorbonne_u.components.reflection.interfaces.ReflectionI-aaa1ec40-2800-400e-847a-9494e87a1b56 rmi=localhost
1590073110426|GlobalRegistry processing put fr.sorbonne_u.components.reflection.interfaces.ReflectionI-31af6847-a5da-4766-b6de-169ef25683ff rmi=localhost
1590073110457|GlobalRegistry processing put jvm3-dcc rmi=localhost
1590073110536|GlobalRegistry processing put interfaces.ManagementCI-2247e0e7-b58e-4510-9f8b-318c9b998d65 rmi=localhost
1590073110632|GlobalRegistry processing put interfaces.ReceptionCI-0a449362-17cf-410c-85f4-92a5ed652043 rmi=localhost
1590073110740|GlobalRegistry processing put fr.sorbonne_u.components.reflection.interfaces.ReflectionI-1d2b51b6-2282-4e33-b4f1-b755d2fa1f5c rmi=localhost
1590073110784|GlobalRegistry processing put jvm2-dcc rmi=localhost
1590073110803|GlobalRegistry processing lookup brokerC_IP_URI1
1590073110858|GlobalRegistry processing lookup brokerC_IP_URI2
1590073110864|GlobalRegistry processing lookup MANAGER_INBOUND_PORT_URI
1590073110916|GlobalRegistry processing lookup MANAGER_INBOUND_PORT_URI
1590073112263|GlobalRegistry processing put interfaces.ReceptionCI-7595ad31-25ee-4c7e-a26a-a6c747c7ac76 rmi=localhost
1590073126197|GlobalRegistry processing remove fr.sorbonne_u.components.reflection.interfaces.ReflectionI-6fb94ad5-2673-4ecc-a3aa-784a89d35e39
1590073126207|GlobalRegistry processing remove fr.sorbonne_u.components.reflection.interfaces.ReflectionI-800cc105-5e93-42eb-b848-c46b0fbfdc07
1590073126208|GlobalRegistry processing remove fr.sorbonne_u.components.reflection.interfaces.ReflectionI-c0d99df1-b9a3-48cc-b91b-5c32ff082f9b
1590073126235|GlobalRegistry processing remove fr.sorbonne_u.components.reflection.interfaces.ReflectionI-2e9cc27e-e169-4fdf-a49a-628d7796e7e9
1590073126244|GlobalRegistry processing remove fr.sorbonne_u.components.reflection.interfaces.ReflectionI-0b42845e-51a5-48da-b3d1-ff10a7005d01
1590073126267|GlobalRegistry processing remove fr.sorbonne_u.components.reflection.interfaces.ReflectionI-aaa1ec40-2800-400e-847a-9494e87a1b56
1590073126269|GlobalRegistry processing remove fr.sorbonne_u.components.reflection.interfaces.ReflectionI-31af6847-a5da-4766-b6de-169ef25683ff
1590073126282|GlobalRegistry processing remove fr.sorbonne_u.components.reflection.interfaces.ReflectionI-1d2b51b6-2282-4e33-b4f1-b755d2fa1f5c
1590073126295|GlobalRegistry processing remove versionMultiJvm.multiJVMStatique.interfaces.DistributionCI-0f89ea3b-81b6-49a5-8073-c407cef24c51
1590073126297|GlobalRegistry processing remove managementBIPURI2
1590073126299|GlobalRegistry processing remove managementBIPURI1
1590073126341|GlobalRegistry processing remove interfaces.PublicationCI-9d6e1332-62f7-48cf-b331-e7cb42aa8070
1590073126347|GlobalRegistry processing remove versionMultiJvm.multiJVMStatique.interfaces.DistributionCI-aa498695-52ef-4a1f-9145-5aa10badffec
1590073126348|GlobalRegistry processing remove brokerC_IP_URI2
1590073126351|GlobalRegistry processing remove MANAGER_INBOUND_PORT_URI
1590073126387|GlobalRegistry processing remove interfaces.PublicationCI-6442885c-a482-4b2f-b90e-9b63123ccd86
1590073126390|GlobalRegistry processing remove brokerC_IP_URI1
1590073126391|GlobalRegistry processing remove versionMultiJvm.multiJVMStatique.interfaces.DistributionCI-37c041f8-0688-45fc-ad05-d223eb1c6176
1590073126393|GlobalRegistry processing remove versionMultiJvm.multiJVMStatique.interfaces.DistributionCI-970d2bb6-90db-4ff5-a549-1e1bc03c0bd3
1590073126405|GlobalRegistry processing remove interfaces.ReceptionCI-7595ad31-25ee-4c7e-a26a-a6c747c7ac76
1590073126406|GlobalRegistry processing remove jvm1-dcc
1590073126409|GlobalRegistry processing remove interfaces.ManagementCI-7e71f075-d87f-4c80-b3aa-2a869cb7d7ee
1590073126419|GlobalRegistry processing remove interfaces.PublicationCI-981b5da9-36ac-41ce-9f74-88d5b50fedcc
1590073126422|GlobalRegistry processing remove interfaces.ManagementCI-2247e0e7-b58e-4510-9f8b-318c9b998d65
1590073126467|GlobalRegistry processing remove jvm3-dcc
1590073126516|GlobalRegistry processing remove interfaces.ReceptionCI-0a449362-17cf-410c-85f4-92a5ed652043
1590073126522|GlobalRegistry processing remove jvm2-dcc
1590073126540|GlobalRegistry processing shutdown
1590073126542|GlobalRegistry processing shutdown
1590073126583|GlobalRegistry processing shutdown
1590073126586|Global registry shuts down!
