1589642921096|DCVM Cyclic Barrier up and running!
1589642925966|DCVM Cyclic Barrier accepts: jvm1 localhost 49954
1589642925971|DCVM Cyclic Barrier has received 1 out of 3 expected.
1589642935891|DCVM Cyclic Barrier accepts: jvm2 localhost 49956
1589642935892|DCVM Cyclic Barrier has received 2 out of 3 expected.
1589642944157|All connected!
1589642944162|DCVM Cyclic Barrier accepts: jvm3 localhost 49958
1589642944172|DCVM Cyclic Barrier has received 3 out of 3 expected.
1589642944172|DCVM Cyclic Barrier releases 3 sites.
1589642944201|DCVM Cyclic Barrier accepts: jvm1 localhost 49954
1589642944204|DCVM Cyclic Barrier has received 1 out of 3 expected.
1589642944290|DCVM Cyclic Barrier accepts: jvm3 localhost 49958
1589642944292|DCVM Cyclic Barrier has received 2 out of 3 expected.
1589642944335|DCVM Cyclic Barrier accepts: jvm2 localhost 49956
1589642944336|DCVM Cyclic Barrier has received 3 out of 3 expected.
1589642944336|DCVM Cyclic Barrier releases 3 sites.
1589642954730|DCVMCyclicBarrier.run() finished.
1589642956270|DCVMCyclicBarrier.run() finished.
1589642956340|DCVMCyclicBarrier.run() finished.
1589642956340|DCVM Cyclic Barrier shuts down!
